# JRE version: OpenJDK Runtime Environment Temurin-21.0.2+13 (21.0.2+13) (build 21.0.2+13-LTS)
# Java VM: OpenJDK 64-Bit Server VM Temurin-21.0.2+13 (21.0.2+13-LTS, mixed mode, tiered, compressed oops, compressed class ptrs, g1 gc, bsd-aarch64)
Heap:
 garbage-first heap   total 134144K, used 87541K [0x0000000970800000, 0x0000000990800000)
  region size 1024K, 45 young (46080K), 2 survivors (2048K)
 Metaspace       used 16973K, committed 17152K, reserved 1114112K
  class space    used 1438K, committed 1536K, reserved 1048576K
GC Heap History (20 events):
Event: 12339.840 GC heap before
{Heap before GC invocations=32303 (full 0):
 garbage-first heap   total 134144K, used 121325K [0x0000000970800000, 0x0000000990800000)
  region size 1024K, 78 young (79872K), 2 survivors (2048K)
 Metaspace       used 16960K, committed 17152K, reserved 1114112K
  class space    used 1435K, committed 1536K, reserved 1048576K
}
Event: 12339.840 GC heap after
{Heap after GC invocations=32304 (full 0):
 garbage-first heap   total 134144K, used 43538K [0x0000000970800000, 0x0000000990800000)
  region size 1024K, 2 young (2048K), 2 survivors (2048K)
 Metaspace       used 16960K, committed 17152K, reserved 1114112K
  class space    used 1435K, committed 1536K, reserved 1048576K
}
Event: 12339.884 GC heap before
{Heap before GC invocations=32304 (full 0):
 garbage-first heap   total 134144K, used 121362K [0x0000000970800000, 0x0000000990800000)
  region size 1024K, 78 young (79872K), 2 survivors (2048K)
 Metaspace       used 16960K, committed 17152K, reserved 1114112K
  class space    used 1435K, committed 1536K, reserved 1048576K
}
Event: 12339.884 GC heap after
{Heap after GC invocations=32305 (full 0):
 garbage-first heap   total 134144K, used 43501K [0x0000000970800000, 0x0000000990800000)
  region size 1024K, 2 young (2048K), 2 survivors (2048K)
 Metaspace       used 16960K, committed 17152K, reserved 1114112K
  class space    used 1435K, committed 1536K, reserved 1048576K
}
Event: 12339.927 GC heap before
{Heap before GC invocations=32305 (full 0):
 garbage-first heap   total 134144K, used 121325K [0x0000000970800000, 0x0000000990800000)
  region size 1024K, 78 young (79872K), 2 survivors (2048K)
 Metaspace       used 16960K, committed 17152K, reserved 1114112K
  class space    used 1435K, committed 1536K, reserved 1048576K
}
Event: 12339.928 GC heap after
{Heap after GC invocations=32306 (full 0):
 garbage-first heap   total 134144K, used 43505K [0x0000000970800000, 0x0000000990800000)
  region size 1024K, 2 young (2048K), 2 survivors (2048K)
 Metaspace       used 16960K, committed 17152K, reserved 1114112K
  class space    used 1435K, committed 1536K, reserved 1048576K
}
Event: 12339.980 GC heap before
{Heap before GC invocations=32306 (full 0):
 garbage-first heap   total 134144K, used 121329K [0x0000000970800000, 0x0000000990800000)
  region size 1024K, 78 young (79872K), 2 survivors (2048K)
 Metaspace       used 16960K, committed 17152K, reserved 1114112K
  class space    used 1435K, committed 1536K, reserved 1048576K
}
Event: 12339.980 GC heap after
{Heap after GC invocations=32307 (full 0):
 garbage-first heap   total 134144K, used 43505K [0x0000000970800000, 0x0000000990800000)
  region size 1024K, 2 young (2048K), 2 survivors (2048K)
 Metaspace       used 16960K, committed 17152K, reserved 1114112K
  class space    used 1435K, committed 1536K, reserved 1048576K
}
Event: 12340.023 GC heap before
{Heap before GC invocations=32307 (full 0):
 garbage-first heap   total 134144K, used 121329K [0x0000000970800000, 0x0000000990800000)
  region size 1024K, 78 young (79872K), 2 survivors (2048K)
 Metaspace       used 16960K, committed 17152K, reserved 1114112K
  class space    used 1435K, committed 1536K, reserved 1048576K
}
Event: 12340.023 GC heap after
{Heap after GC invocations=32308 (full 0):
 garbage-first heap   total 134144K, used 43507K [0x0000000970800000, 0x0000000990800000)
  region size 1024K, 2 young (2048K), 2 survivors (2048K)
 Metaspace       used 16960K, committed 17152K, reserved 1114112K
  class space    used 1435K, committed 1536K, reserved 1048576K
}
Event: 12340.066 GC heap before
{Heap before GC invocations=32308 (full 0):
 garbage-first heap   total 134144K, used 121331K [0x0000000970800000, 0x0000000990800000)
  region size 1024K, 78 young (79872K), 2 survivors (2048K)
 Metaspace       used 16960K, committed 17152K, reserved 1114112K
  class space    used 1435K, committed 1536K, reserved 1048576K
}
Event: 12340.066 GC heap after
{Heap after GC invocations=32309 (full 0):
 garbage-first heap   total 134144K, used 43499K [0x0000000970800000, 0x0000000990800000)
  region size 1024K, 2 young (2048K), 2 survivors (2048K)
 Metaspace       used 16960K, committed 17152K, reserved 1114112K
  class space    used 1435K, committed 1536K, reserved 1048576K
}
Event: 12340.108 GC heap before
{Heap before GC invocations=32309 (full 0):
 garbage-first heap   total 134144K, used 121323K [0x0000000970800000, 0x0000000990800000)
  region size 1024K, 78 young (79872K), 2 survivors (2048K)
 Metaspace       used 16960K, committed 17152K, reserved 1114112K
  class space    used 1435K, committed 1536K, reserved 1048576K
}
Event: 12340.108 GC heap after
{Heap after GC invocations=32310 (full 0):
 garbage-first heap   total 134144K, used 43511K [0x0000000970800000, 0x0000000990800000)
  region size 1024K, 2 young (2048K), 2 survivors (2048K)
 Metaspace       used 16960K, committed 17152K, reserved 1114112K
  class space    used 1435K, committed 1536K, reserved 1048576K
}
Event: 12340.150 GC heap before
{Heap before GC invocations=32310 (full 0):
 garbage-first heap   total 134144K, used 121335K [0x0000000970800000, 0x0000000990800000)
  region size 1024K, 78 young (79872K), 2 survivors (2048K)
 Metaspace       used 16960K, committed 17152K, reserved 1114112K
  class space    used 1435K, committed 1536K, reserved 1048576K
}
Event: 12340.150 GC heap after
{Heap after GC invocations=32311 (full 0):
 garbage-first heap   total 134144K, used 43509K [0x0000000970800000, 0x0000000990800000)
  region size 1024K, 2 young (2048K), 2 survivors (2048K)
 Metaspace       used 16960K, committed 17152K, reserved 1114112K
  class space    used 1435K, committed 1536K, reserved 1048576K
}
Event: 12340.192 GC heap before
{Heap before GC invocations=32311 (full 0):
 garbage-first heap   total 134144K, used 121333K [0x0000000970800000, 0x0000000990800000)
  region size 1024K, 78 young (79872K), 2 survivors (2048K)
 Metaspace       used 16960K, committed 17152K, reserved 1114112K
  class space    used 1435K, committed 1536K, reserved 1048576K
}
Event: 12340.192 GC heap after
{Heap after GC invocations=32312 (full 0):
 garbage-first heap   total 134144K, used 43501K [0x0000000970800000, 0x0000000990800000)
  region size 1024K, 2 young (2048K), 2 survivors (2048K)
 Metaspace       used 16960K, committed 17152K, reserved 1114112K
  class space    used 1435K, committed 1536K, reserved 1048576K
}
Event: 12340.239 GC heap before
{Heap before GC invocations=32312 (full 0):
 garbage-first heap   total 134144K, used 121325K [0x0000000970800000, 0x0000000990800000)
  region size 1024K, 78 young (79872K), 2 survivors (2048K)
 Metaspace       used 16960K, committed 17152K, reserved 1114112K
  class space    used 1435K, committed 1536K, reserved 1048576K
}
Event: 12340.239 GC heap after
{Heap after GC invocations=32313 (full 0):
 garbage-first heap   total 134144K, used 43509K [0x0000000970800000, 0x0000000990800000)
  region size 1024K, 2 young (2048K), 2 survivors (2048K)
 Metaspace       used 16960K, committed 17152K, reserved 1114112K
  class space    used 1435K, committed 1536K, reserved 1048576K
}

