# JRE version: OpenJDK Runtime Environment Temurin-21.0.2+13 (21.0.2+13) (build 21.0.2+13-LTS)
# Java VM: OpenJDK 64-Bit Server VM Temurin-21.0.2+13 (21.0.2+13-LTS, mixed mode, tiered, compressed oops, compressed class ptrs, g1 gc, bsd-aarch64)
GC Precious Log:
 CardTable entry size: 512
 Card Set container configuration: InlinePtr #cards 5 size 8 Array Of Cards #cards 12 size 40 Howl #buckets 4 coarsen threshold 1843 Howl Bitmap #cards 512 size 80 coarsen threshold 460 Card regions per heap region 1 cards per card region 2048
 CPUs: 16 total, 16 available
 Memory: 49152M
 Large Page Support: Disabled
 NUMA Support: Disabled
 Compressed Oops: Enabled (Zero based)
 Heap Region Size: 1M
 Heap Min Capacity: 8M
 Heap Initial Capacity: 512M
 Heap Max Capacity: 512M
 Pre-touch: Disabled
 Parallel Workers: 13
 Concurrent Workers: 3
 Concurrent Refinement Workers: 13
 Periodic GC: Disabled
Heap:
 garbage-first heap   total 444416K, used 258041K [0x00000007e0000000, 0x0000000800000000)
  region size 1024K, 130 young (133120K), 1 survivors (1024K)
 Metaspace       used 16832K, committed 17024K, reserved 1114112K
  class space    used 1437K, committed 1536K, reserved 1048576K
GC Heap History (20 events):
Event: 2045.051 GC heap before
{Heap before GC invocations=10651 (full 0):
 garbage-first heap   total 524288K, used 494883K [0x00000007e0000000, 0x0000000800000000)
  region size 1024K, 291 young (297984K), 1 survivors (1024K)
 Metaspace       used 16815K, committed 16960K, reserved 1114112K
  class space    used 1434K, committed 1536K, reserved 1048576K
}
Event: 2045.052 GC heap after
{Heap after GC invocations=10652 (full 0):
 garbage-first heap   total 524288K, used 192737K [0x00000007e0000000, 0x0000000800000000)
  region size 1024K, 1 young (1024K), 1 survivors (1024K)
 Metaspace       used 16815K, committed 16960K, reserved 1114112K
  class space    used 1434K, committed 1536K, reserved 1048576K
}
Event: 2045.295 GC heap before
{Heap before GC invocations=10652 (full 0):
 garbage-first heap   total 524288K, used 494817K [0x00000007e0000000, 0x0000000800000000)
  region size 1024K, 296 young (303104K), 1 survivors (1024K)
 Metaspace       used 16815K, committed 16960K, reserved 1114112K
  class space    used 1434K, committed 1536K, reserved 1048576K
}
Event: 2045.296 GC heap after
{Heap after GC invocations=10653 (full 0):
 garbage-first heap   total 524288K, used 192801K [0x00000007e0000000, 0x0000000800000000)
  region size 1024K, 2 young (2048K), 2 survivors (2048K)
 Metaspace       used 16815K, committed 16960K, reserved 1114112K
  class space    used 1434K, committed 1536K, reserved 1048576K
}
Event: 2045.497 GC heap before
{Heap before GC invocations=10654 (full 0):
 garbage-first heap   total 444416K, used 427297K [0x00000007e0000000, 0x0000000800000000)
  region size 1024K, 295 young (302080K), 2 survivors (2048K)
 Metaspace       used 16815K, committed 16960K, reserved 1114112K
  class space    used 1434K, committed 1536K, reserved 1048576K
}
Event: 2045.498 GC heap after
{Heap after GC invocations=10655 (full 0):
 garbage-first heap   total 444416K, used 127267K [0x00000007e0000000, 0x0000000800000000)
  region size 1024K, 2 young (2048K), 2 survivors (2048K)
 Metaspace       used 16815K, committed 16960K, reserved 1114112K
  class space    used 1434K, committed 1536K, reserved 1048576K
}
Event: 2045.693 GC heap before
{Heap before GC invocations=10655 (full 0):
 garbage-first heap   total 444416K, used 391459K [0x00000007e0000000, 0x0000000800000000)
  region size 1024K, 260 young (266240K), 2 survivors (2048K)
 Metaspace       used 16815K, committed 16960K, reserved 1114112K
  class space    used 1434K, committed 1536K, reserved 1048576K
}
Event: 2045.693 GC heap after
{Heap after GC invocations=10656 (full 0):
 garbage-first heap   total 444416K, used 124430K [0x00000007e0000000, 0x0000000800000000)
  region size 1024K, 2 young (2048K), 2 survivors (2048K)
 Metaspace       used 16815K, committed 16960K, reserved 1114112K
  class space    used 1434K, committed 1536K, reserved 1048576K
}
Event: 2045.881 GC heap before
{Heap before GC invocations=10656 (full 0):
 garbage-first heap   total 444416K, used 388622K [0x00000007e0000000, 0x0000000800000000)
  region size 1024K, 260 young (266240K), 2 survivors (2048K)
 Metaspace       used 16815K, committed 16960K, reserved 1114112K
  class space    used 1434K, committed 1536K, reserved 1048576K
}
Event: 2045.882 GC heap after
{Heap after GC invocations=10657 (full 0):
 garbage-first heap   total 444416K, used 124436K [0x00000007e0000000, 0x0000000800000000)
  region size 1024K, 2 young (2048K), 2 survivors (2048K)
 Metaspace       used 16815K, committed 16960K, reserved 1114112K
  class space    used 1434K, committed 1536K, reserved 1048576K
}
Event: 2046.255 GC heap before
{Heap before GC invocations=10657 (full 0):
 garbage-first heap   total 444416K, used 388628K [0x00000007e0000000, 0x0000000800000000)
  region size 1024K, 260 young (266240K), 2 survivors (2048K)
 Metaspace       used 16815K, committed 16960K, reserved 1114112K
  class space    used 1434K, committed 1536K, reserved 1048576K
}
Event: 2046.256 GC heap after
{Heap after GC invocations=10658 (full 0):
 garbage-first heap   total 444416K, used 123901K [0x00000007e0000000, 0x0000000800000000)
  region size 1024K, 1 young (1024K), 1 survivors (1024K)
 Metaspace       used 16815K, committed 16960K, reserved 1114112K
  class space    used 1434K, committed 1536K, reserved 1048576K
}
Event: 2046.996 GC heap before
{Heap before GC invocations=10658 (full 0):
 garbage-first heap   total 444416K, used 389117K [0x00000007e0000000, 0x0000000800000000)
  region size 1024K, 260 young (266240K), 1 survivors (1024K)
 Metaspace       used 16815K, committed 16960K, reserved 1114112K
  class space    used 1434K, committed 1536K, reserved 1048576K
}
Event: 2046.997 GC heap after
{Heap after GC invocations=10659 (full 0):
 garbage-first heap   total 444416K, used 123886K [0x00000007e0000000, 0x0000000800000000)
  region size 1024K, 1 young (1024K), 1 survivors (1024K)
 Metaspace       used 16815K, committed 16960K, reserved 1114112K
  class space    used 1434K, committed 1536K, reserved 1048576K
}
Event: 2048.047 GC heap before
{Heap before GC invocations=10659 (full 0):
 garbage-first heap   total 444416K, used 389102K [0x00000007e0000000, 0x0000000800000000)
  region size 1024K, 260 young (266240K), 1 survivors (1024K)
 Metaspace       used 16815K, committed 16960K, reserved 1114112K
  class space    used 1434K, committed 1536K, reserved 1048576K
}
Event: 2048.048 GC heap after
{Heap after GC invocations=10660 (full 0):
 garbage-first heap   total 444416K, used 123906K [0x00000007e0000000, 0x0000000800000000)
  region size 1024K, 1 young (1024K), 1 survivors (1024K)
 Metaspace       used 16815K, committed 16960K, reserved 1114112K
  class space    used 1434K, committed 1536K, reserved 1048576K
}
Event: 2049.176 GC heap before
{Heap before GC invocations=10660 (full 0):
 garbage-first heap   total 444416K, used 389122K [0x00000007e0000000, 0x0000000800000000)
  region size 1024K, 260 young (266240K), 1 survivors (1024K)
 Metaspace       used 16815K, committed 16960K, reserved 1114112K
  class space    used 1434K, committed 1536K, reserved 1048576K
}
Event: 2049.176 GC heap after
{Heap after GC invocations=10661 (full 0):
 garbage-first heap   total 444416K, used 123996K [0x00000007e0000000, 0x0000000800000000)
  region size 1024K, 1 young (1024K), 1 survivors (1024K)
 Metaspace       used 16815K, committed 16960K, reserved 1114112K
  class space    used 1434K, committed 1536K, reserved 1048576K
}
Event: 2049.989 GC heap before
{Heap before GC invocations=10661 (full 0):
 garbage-first heap   total 444416K, used 389212K [0x00000007e0000000, 0x0000000800000000)
  region size 1024K, 260 young (266240K), 1 survivors (1024K)
 Metaspace       used 16815K, committed 16960K, reserved 1114112K
  class space    used 1434K, committed 1536K, reserved 1048576K
}
Event: 2049.990 GC heap after
{Heap after GC invocations=10662 (full 0):
 garbage-first heap   total 444416K, used 123897K [0x00000007e0000000, 0x0000000800000000)
  region size 1024K, 1 young (1024K), 1 survivors (1024K)
 Metaspace       used 16815K, committed 16960K, reserved 1114112K
  class space    used 1434K, committed 1536K, reserved 1048576K
}

